<?xml version="1.0" encoding="UTF-8"?><serverresponse><code>609</code><selDate>2025-10-25</selDate><selGtype>ALL</selGtype><allDateValue>2025-10-25|2025-10-24|2025-10-23|2025-10-22|2025-10-21|2025-10-20|2025-10-19|2025-10-18</allDateValue><allDateShow>10-25 星期六|10-24 星期五|10-23 星期四|10-22 星期三|10-21 星期二|10-20 星期一|10-19 星期日|10-18 星期六</allDateShow><pay_type>0</pay_type><wagers tid="OU22864082875"><w_id>OU22864082875</w_id><addtime>13:56:12</addtime><oddf_type>(香港盘)</oddf_type><gidfl>0</gidfl><gid>0</gid><pid></pid><gtype>足球 </gtype><gtype_tag>FT</gtype_tag><w_ms></w_ms><wtype>(滚球) 大 / 小</wtype><bet_wtype>ROU</bet_wtype><league>葡萄牙超级联赛</league><team_h_show>圣塔克莱拉 </team_h_show><team_c_show>AVS </team_c_show><team_h_ratio></team_h_ratio><team_c_ratio></team_c_ratio><strong></strong><ratio></ratio><org_score></org_score><score>(0 - 0)</score><result>小 1 / 1.5</result><result_team>AVS</result_team><pname></pname><ioratio>0.92</ioratio><result_data>2 - 0</result_data><ball_act_class></ball_act_class><ball_act_ret></ball_act_ret><cancel_apn></cancel_apn><gold>50</gold><win_gold>-50</win_gold></wagers><wagers tid="OU22863364556"><w_id>OU22863364556</w_id><addtime>12:33:29</addtime><oddf_type>(香港盘)</oddf_type><gidfl>0</gidfl><gid>0</gid><pid></pid><gtype>足球 </gtype><gtype_tag>FT</gtype_tag><w_ms></w_ms><wtype>(滚球) 大 / 小</wtype><bet_wtype>ROU</bet_wtype><league>英格兰超级联赛</league><team_h_show>曼联 </team_h_show><team_c_show>布莱顿 </team_c_show><team_h_ratio></team_h_ratio><team_c_ratio></team_c_ratio><strong></strong><ratio></ratio><org_score></org_score><score>(0 - 0)</score><result>小 3</result><result_team>布莱顿</result_team><pname></pname><ioratio>0.89</ioratio><result_data>4 - 2</result_data><ball_act_class></ball_act_class><ball_act_ret></ball_act_ret><cancel_apn></cancel_apn><gold>100</gold><win_gold>-100</win_gold></wagers><wagers tid="OU22862741412"><w_id>OU22862741412</w_id><addtime>11:35:45</addtime><oddf_type>(香港盘)</oddf_type><gidfl>0</gidfl><gid>0</gid><pid></pid><gtype>足球 </gtype><gtype_tag>FT</gtype_tag><w_ms></w_ms><wtype>(滚球) 大 / 小</wtype><bet_wtype>ROU</bet_wtype><league>英格兰超级联赛</league><team_h_show>纽卡斯尔 </team_h_show><team_c_show>富勒姆 </team_c_show><team_h_ratio></team_h_ratio><team_c_ratio></team_c_ratio><strong></strong><ratio></ratio><org_score></org_score><score>(1 - 1)</score><result>大 2.5</result><result_team>富勒姆</result_team><pname></pname><ioratio>1.07</ioratio><result_data>2 - 1</result_data><ball_act_class>word_green</ball_act_class><ball_act_ret>确认</ball_act_ret><cancel_apn></cancel_apn><gold>100</gold><win_gold>107</win_gold></wagers><wagers tid="OU22860899146"><w_id>OU22860899146</w_id><addtime>08:55:33</addtime><oddf_type>(香港盘)</oddf_type><gidfl>0</gidfl><gid>0</gid><pid></pid><gtype>足球 </gtype><gtype_tag>FT</gtype_tag><w_ms></w_ms><wtype>(滚球) 大 / 小</wtype><bet_wtype>ROU</bet_wtype><league>西班牙甲组联赛</league><team_h_show>赫罗纳 </team_h_show><team_c_show>奥维多 </team_c_show><team_h_ratio></team_h_ratio><team_c_ratio></team_c_ratio><strong></strong><ratio></ratio><org_score></org_score><score>(0 - 1)</score><result>小 2 / 2.5</result><result_team>奥维多</result_team><pname></pname><ioratio>1.03</ioratio><result_data>3 - 3</result_data><ball_act_class></ball_act_class><ball_act_ret></ball_act_ret><cancel_apn></cancel_apn><gold>100</gold><win_gold>-100</win_gold></wagers><wagers tid="OU22857543383"><w_id>OU22857543383</w_id><addtime>01:10:13</addtime><oddf_type>(香港盘)</oddf_type><gidfl>0</gidfl><gid>0</gid><pid></pid><gtype>足球 </gtype><gtype_tag>FT</gtype_tag><w_ms></w_ms><wtype>(滚球) 让球</wtype><bet_wtype>RE</bet_wtype><league>日本J1联赛</league><team_h_show>清水心跳 </team_h_show><team_c_show>东京绿茵 </team_c_show><team_h_ratio>0 / 0.5</team_h_ratio><team_c_ratio></team_c_ratio><strong>N</strong><ratio></ratio><org_score></org_score><score>(0 - 0)</score><result>东京绿茵 </result><result_team>清水心跳</result_team><pname></pname><ioratio>0.74</ioratio><result_data>1 - 0</result_data><ball_act_class>word_green</ball_act_class><ball_act_ret>确认</ball_act_ret><cancel_apn></cancel_apn><gold>100</gold><win_gold>-100</win_gold></wagers><wagers tid="OU22857473636"><w_id>OU22857473636</w_id><addtime>01:02:52</addtime><oddf_type>(香港盘)</oddf_type><gidfl>0</gidfl><gid>0</gid><pid></pid><gtype>足球 </gtype><gtype_tag>FT</gtype_tag><w_ms></w_ms><wtype>(滚球) 让球</wtype><bet_wtype>RE</bet_wtype><league>日本J1联赛</league><team_h_show>京都不死鸟 </team_h_show><team_c_show>鹿岛鹿角 </team_c_show><team_h_ratio></team_h_ratio><team_c_ratio>0</team_c_ratio><strong>Y</strong><ratio></ratio><org_score></org_score><score>(0 - 0)</score><result>鹿岛鹿角 </result><result_team></result_team><pname></pname><ioratio>0.80</ioratio><result_data>1 - 1</result_data><ball_act_class></ball_act_class><ball_act_ret></ball_act_ret><cancel_apn></cancel_apn><gold>100</gold><win_gold>0</win_gold><push>注单平局</push></wagers><wagers tid="OU22857455445"><w_id>OU22857455445</w_id><addtime>01:00:13</addtime><oddf_type>(香港盘)</oddf_type><gidfl>0</gidfl><gid>0</gid><pid></pid><gtype>足球 </gtype><gtype_tag>FT</gtype_tag><w_ms></w_ms><wtype>(滚球) 大 / 小</wtype><bet_wtype>ROU</bet_wtype><league>澳大利亚甲组联赛</league><team_h_show>奥克兰 </team_h_show><team_c_show>西悉尼流浪者 </team_c_show><team_h_ratio></team_h_ratio><team_c_ratio></team_c_ratio><strong></strong><ratio></ratio><org_score></org_score><score>(1 - 0)</score><result>小 2 / 2.5</result><result_team>奥克兰</result_team><pname></pname><ioratio>1.11</ioratio><result_data>1 - 0</result_data><ball_act_class></ball_act_class><ball_act_ret></ball_act_ret><cancel_apn></cancel_apn><gold>100</gold><win_gold>111</win_gold></wagers></serverresponse>